INFO 2023-12-03 11:13:22,602 autoreload 10512 16308 Watching for file changes with StatReloader
INFO 2023-12-03 11:13:27,363 basehttp 10512 22536 "GET / HTTP/1.1" 200 3391
WARNING 2023-12-03 11:13:29,784 log 10512 22536 Not Found: /favicon.ico
INFO 2023-12-03 11:13:29,827 basehttp 10512 22536 - Broken pipe from ('127.0.0.1', 55306)
INFO 2023-12-03 11:13:43,921 basehttp 10512 11284 "GET /admin/ HTTP/1.1" 302 0
INFO 2023-12-03 11:13:43,972 basehttp 10512 21756 "GET /admin/login/?next=/admin/ HTTP/1.1" 200 4181
INFO 2023-12-03 11:14:14,231 basehttp 10512 21756 "POST /admin/login/?next=/admin/ HTTP/1.1" 302 0
INFO 2023-12-03 11:14:14,280 basehttp 10512 21756 "GET /admin/ HTTP/1.1" 200 7057
INFO 2023-12-03 11:14:14,617 basehttp 10512 21756 "GET /static/admin/css/dashboard.css HTTP/1.1" 200 441
INFO 2023-12-03 11:14:14,699 basehttp 10512 21756 "GET /static/admin/img/icon-addlink.svg HTTP/1.1" 200 331
INFO 2023-12-03 11:14:14,701 basehttp 10512 11284 "GET /static/admin/img/icon-changelink.svg HTTP/1.1" 200 380
INFO 2023-12-03 11:14:34,406 basehttp 10512 21756 "GET /admin/auth/group/ HTTP/1.1" 200 8359
INFO 2023-12-03 11:14:34,567 basehttp 10512 11284 "GET /admin/jsi18n/ HTTP/1.1" 200 3343
INFO 2023-12-03 11:14:34,583 basehttp 10512 21756 "GET /static/admin/css/changelists.css HTTP/1.1" 200 6566
INFO 2023-12-03 11:14:34,676 basehttp 10512 11284 "GET /static/admin/js/actions.js HTTP/1.1" 200 7872
INFO 2023-12-03 11:14:34,677 basehttp 10512 21756 "GET /static/admin/js/urlify.js HTTP/1.1" 200 7887
INFO 2023-12-03 11:14:34,711 basehttp 10512 16960 "GET /static/admin/js/jquery.init.js HTTP/1.1" 200 347
INFO 2023-12-03 11:14:34,712 basehttp 10512 11284 "GET /static/admin/js/prepopulate.js HTTP/1.1" 200 1531
INFO 2023-12-03 11:14:34,761 basehttp 10512 16960 "GET /static/admin/js/filters.js HTTP/1.1" 200 978
INFO 2023-12-03 11:14:34,786 basehttp 10512 24816 "GET /static/admin/js/core.js HTTP/1.1" 200 5682
INFO 2023-12-03 11:14:34,813 basehttp 10512 1928 "GET /static/admin/js/vendor/jquery/jquery.js HTTP/1.1" 200 292458
INFO 2023-12-03 11:14:34,820 basehttp 10512 21840 "GET /static/admin/js/admin/RelatedObjectLookups.js HTTP/1.1" 200 8943
INFO 2023-12-03 11:14:34,861 basehttp 10512 21756 "GET /static/admin/js/vendor/xregexp/xregexp.js HTTP/1.1" 200 232381
INFO 2023-12-03 11:14:34,881 basehttp 10512 1928 "GET /static/admin/img/search.svg HTTP/1.1" 200 458
INFO 2023-12-03 11:14:35,043 basehttp 10512 1928 "GET /static/admin/img/tooltag-add.svg HTTP/1.1" 200 331
INFO 2023-12-03 11:14:37,884 basehttp 10512 1928 "GET /admin/shopapp/client/ HTTP/1.1" 200 8522
INFO 2023-12-03 11:14:38,006 basehttp 10512 1928 "GET /admin/jsi18n/ HTTP/1.1" 200 3343
WARNING 2023-12-03 11:14:38,299 log 10512 1928 Not Found: /favicon.ico
INFO 2023-12-03 11:14:38,309 basehttp 10512 1928 - Broken pipe from ('127.0.0.1', 55312)
INFO 2023-12-03 11:14:40,001 basehttp 10512 21756 "GET /admin/shopapp/order/ HTTP/1.1" 200 9740
INFO 2023-12-03 11:14:40,118 basehttp 10512 21840 "GET /admin/jsi18n/ HTTP/1.1" 200 3343
INFO 2023-12-03 11:14:42,619 basehttp 10512 21756 "GET /admin/shopapp/product/ HTTP/1.1" 200 9473
INFO 2023-12-03 11:14:42,770 basehttp 10512 21840 "GET /admin/jsi18n/ HTTP/1.1" 200 3343
WARNING 2023-12-03 11:14:43,084 log 10512 21840 Not Found: /favicon.ico
INFO 2023-12-03 11:14:43,086 basehttp 10512 21840 - Broken pipe from ('127.0.0.1', 55315)
INFO 2023-12-03 11:14:50,746 basehttp 10512 21756 "POST /admin/logout/ HTTP/1.1" 200 3576
INFO 2023-12-03 11:21:38,511 autoreload 20396 16364 Watching for file changes with StatReloader
INFO 2023-12-03 11:21:43,176 basehttp 20396 3160 "GET / HTTP/1.1" 200 3391
WARNING 2023-12-03 11:21:44,063 log 20396 3160 Not Found: /favicon.ico
INFO 2023-12-03 11:21:44,126 basehttp 20396 3160 - Broken pipe from ('127.0.0.1', 55324)
INFO 2023-12-03 11:21:47,393 basehttp 20396 20940 "GET /shop/clients/ HTTP/1.1" 200 8908
INFO 2023-12-03 11:22:01,989 basehttp 20396 14152 "GET /shop/products/ HTTP/1.1" 200 4275
INFO 2023-12-03 11:22:17,133 basehttp 20396 22624 "GET /shop/orders/ HTTP/1.1" 200 4763
INFO 2023-12-03 11:22:27,435 basehttp 20396 20456 "GET /admin/ HTTP/1.1" 302 0
INFO 2023-12-03 11:22:27,488 basehttp 20396 20456 "GET /admin/login/?next=/admin/ HTTP/1.1" 200 4181
INFO 2023-12-03 11:22:27,800 basehttp 20396 24220 - Broken pipe from ('127.0.0.1', 55332)
INFO 2023-12-03 11:22:27,817 basehttp 20396 20456 - Broken pipe from ('127.0.0.1', 55331)
